# JRE version: OpenJDK Runtime Environment Temurin-17.0.4+8 (17.0.4+8) (build 17.0.4+8)
# Java VM: OpenJDK 64-Bit Server VM Temurin-17.0.4+8 (17.0.4+8, mixed mode, emulated-client, tiered, compressed oops, compressed class ptrs, g1 gc, windows-amd64)
GC Precious Log:
 CPUs: 12 total, 12 available
 Memory: 5989M
 Large Page Support: Disabled
 NUMA Support: Disabled
 Compressed Oops: Enabled (32-bit)
 Heap Region Size: 1M
 Heap Min Capacity: 8M
 Heap Initial Capacity: 94M
 Heap Max Capacity: 1498M
 Pre-touch: Disabled
 Parallel Workers: 10
 Concurrent Workers: 3
 Concurrent Refinement Workers: 10
 Periodic GC: Disabled
Heap:
 garbage-first heap   total 181248K, used 73860K [0x00000000a2600000, 0x0000000100000000)
  region size 1024K, 6 young (6144K), 6 survivors (6144K)
 Metaspace       used 35072K, committed 35392K, reserved 1081344K
  class space    used 4562K, committed 4736K, reserved 1048576K
GC Heap History (20 events):
Event: 2.675 GC heap after
{Heap after GC invocations=10 (full 0):
 garbage-first heap   total 49152K, used 24030K [0x00000000a2600000, 0x0000000100000000)
  region size 1024K, 3 young (3072K), 3 survivors (3072K)
 Metaspace       used 32336K, committed 32640K, reserved 1081344K
  class space    used 4090K, committed 4224K, reserved 1048576K
}
Event: 2.713 GC heap before
{Heap before GC invocations=10 (full 0):
 garbage-first heap   total 49152K, used 36318K [0x00000000a2600000, 0x0000000100000000)
  region size 1024K, 15 young (15360K), 3 survivors (3072K)
 Metaspace       used 32692K, committed 33024K, reserved 1081344K
  class space    used 4145K, committed 4288K, reserved 1048576K
}
Event: 2.716 GC heap after
{Heap after GC invocations=11 (full 0):
 garbage-first heap   total 49152K, used 26314K [0x00000000a2600000, 0x0000000100000000)
  region size 1024K, 2 young (2048K), 2 survivors (2048K)
 Metaspace       used 32692K, committed 33024K, reserved 1081344K
  class space    used 4145K, committed 4288K, reserved 1048576K
}
Event: 2.743 GC heap before
{Heap before GC invocations=11 (full 0):
 garbage-first heap   total 49152K, used 37578K [0x00000000a2600000, 0x0000000100000000)
  region size 1024K, 13 young (13312K), 2 survivors (2048K)
 Metaspace       used 32822K, committed 33088K, reserved 1081344K
  class space    used 4164K, committed 4288K, reserved 1048576K
}
Event: 2.745 GC heap after
{Heap after GC invocations=12 (full 0):
 garbage-first heap   total 96256K, used 28533K [0x00000000a2600000, 0x0000000100000000)
  region size 1024K, 2 young (2048K), 2 survivors (2048K)
 Metaspace       used 32822K, committed 33088K, reserved 1081344K
  class space    used 4164K, committed 4288K, reserved 1048576K
}
Event: 2.819 GC heap before
{Heap before GC invocations=13 (full 0):
 garbage-first heap   total 96256K, used 67445K [0x00000000a2600000, 0x0000000100000000)
  region size 1024K, 40 young (40960K), 2 survivors (2048K)
 Metaspace       used 33138K, committed 33472K, reserved 1081344K
  class space    used 4214K, committed 4352K, reserved 1048576K
}
Event: 2.827 GC heap after
{Heap after GC invocations=14 (full 0):
 garbage-first heap   total 96256K, used 38526K [0x00000000a2600000, 0x0000000100000000)
  region size 1024K, 5 young (5120K), 5 survivors (5120K)
 Metaspace       used 33138K, committed 33472K, reserved 1081344K
  class space    used 4214K, committed 4352K, reserved 1048576K
}
Event: 2.875 GC heap before
{Heap before GC invocations=14 (full 0):
 garbage-first heap   total 96256K, used 67198K [0x00000000a2600000, 0x0000000100000000)
  region size 1024K, 33 young (33792K), 5 survivors (5120K)
 Metaspace       used 33407K, committed 33664K, reserved 1081344K
  class space    used 4254K, committed 4352K, reserved 1048576K
}
Event: 2.881 GC heap after
{Heap after GC invocations=15 (full 0):
 garbage-first heap   total 96256K, used 44068K [0x00000000a2600000, 0x0000000100000000)
  region size 1024K, 5 young (5120K), 5 survivors (5120K)
 Metaspace       used 33407K, committed 33664K, reserved 1081344K
  class space    used 4254K, committed 4352K, reserved 1048576K
}
Event: 2.985 GC heap before
{Heap before GC invocations=15 (full 0):
 garbage-first heap   total 96256K, used 70692K [0x00000000a2600000, 0x0000000100000000)
  region size 1024K, 30 young (30720K), 5 survivors (5120K)
 Metaspace       used 34385K, committed 34752K, reserved 1081344K
  class space    used 4431K, committed 4608K, reserved 1048576K
}
Event: 2.992 GC heap after
{Heap after GC invocations=16 (full 0):
 garbage-first heap   total 96256K, used 52749K [0x00000000a2600000, 0x0000000100000000)
  region size 1024K, 4 young (4096K), 4 survivors (4096K)
 Metaspace       used 34385K, committed 34752K, reserved 1081344K
  class space    used 4431K, committed 4608K, reserved 1048576K
}
Event: 3.012 GC heap before
{Heap before GC invocations=16 (full 0):
 garbage-first heap   total 96256K, used 60941K [0x00000000a2600000, 0x0000000100000000)
  region size 1024K, 14 young (14336K), 4 survivors (4096K)
 Metaspace       used 34533K, committed 34944K, reserved 1081344K
  class space    used 4474K, committed 4672K, reserved 1048576K
}
Event: 3.018 GC heap after
{Heap after GC invocations=17 (full 0):
 garbage-first heap   total 181248K, used 57673K [0x00000000a2600000, 0x0000000100000000)
  region size 1024K, 3 young (3072K), 3 survivors (3072K)
 Metaspace       used 34533K, committed 34944K, reserved 1081344K
  class space    used 4474K, committed 4672K, reserved 1048576K
}
Event: 3.068 GC heap before
{Heap before GC invocations=17 (full 0):
 garbage-first heap   total 181248K, used 130377K [0x00000000a2600000, 0x0000000100000000)
  region size 1024K, 74 young (75776K), 3 survivors (3072K)
 Metaspace       used 34944K, committed 35328K, reserved 1081344K
  class space    used 4547K, committed 4736K, reserved 1048576K
}
Event: 3.084 GC heap after
{Heap after GC invocations=18 (full 0):
 garbage-first heap   total 181248K, used 65255K [0x00000000a2600000, 0x0000000100000000)
  region size 1024K, 10 young (10240K), 10 survivors (10240K)
 Metaspace       used 34944K, committed 35328K, reserved 1081344K
  class space    used 4547K, committed 4736K, reserved 1048576K
}
Event: 3.102 GC heap before
{Heap before GC invocations=18 (full 0):
 garbage-first heap   total 181248K, used 131815K [0x00000000a2600000, 0x0000000100000000)
  region size 1024K, 76 young (77824K), 10 survivors (10240K)
 Metaspace       used 34997K, committed 35328K, reserved 1081344K
  class space    used 4551K, committed 4736K, reserved 1048576K
}
Event: 3.116 GC heap after
{Heap after GC invocations=19 (full 0):
 garbage-first heap   total 181248K, used 68182K [0x00000000a2600000, 0x0000000100000000)
  region size 1024K, 4 young (4096K), 4 survivors (4096K)
 Metaspace       used 34997K, committed 35328K, reserved 1081344K
  class space    used 4551K, committed 4736K, reserved 1048576K
}
Event: 3.131 GC heap before
{Heap before GC invocations=19 (full 0):
 garbage-first heap   total 181248K, used 135766K [0x00000000a2600000, 0x0000000100000000)
  region size 1024K, 71 young (72704K), 4 survivors (4096K)
 Metaspace       used 35064K, committed 35392K, reserved 1081344K
  class space    used 4561K, committed 4736K, reserved 1048576K
}
Event: 3.134 GC heap after
{Heap after GC invocations=20 (full 0):
 garbage-first heap   total 181248K, used 70550K [0x00000000a2600000, 0x0000000100000000)
  region size 1024K, 6 young (6144K), 6 survivors (6144K)
 Metaspace       used 35064K, committed 35392K, reserved 1081344K
  class space    used 4561K, committed 4736K, reserved 1048576K
}
Event: 3.150 GC heap before
{Heap before GC invocations=20 (full 0):
 garbage-first heap   total 181248K, used 139158K [0x00000000a2600000, 0x0000000100000000)
  region size 1024K, 74 young (75776K), 6 survivors (6144K)
 Metaspace       used 35072K, committed 35392K, reserved 1081344K
  class space    used 4562K, committed 4736K, reserved 1048576K
}

