# JRE version: OpenJDK Runtime Environment Temurin-17.0.4+8 (17.0.4+8) (build 17.0.4+8)
# Java VM: OpenJDK 64-Bit Server VM Temurin-17.0.4+8 (17.0.4+8, mixed mode, emulated-client, tiered, compressed oops, compressed class ptrs, g1 gc, windows-amd64)
GC Precious Log:
 CPUs: 12 total, 12 available
 Memory: 5989M
 Large Page Support: Disabled
 NUMA Support: Disabled
 Compressed Oops: Enabled (32-bit)
 Heap Region Size: 1M
 Heap Min Capacity: 8M
 Heap Initial Capacity: 94M
 Heap Max Capacity: 1498M
 Pre-touch: Disabled
 Parallel Workers: 10
 Concurrent Workers: 3
 Concurrent Refinement Workers: 10
 Periodic GC: Disabled
Heap:
 garbage-first heap   total 121856K, used 41651K [0x00000000a2600000, 0x0000000100000000)
  region size 1024K, 1 young (1024K), 0 survivors (0K)
 Metaspace       used 54164K, committed 54592K, reserved 1097728K
  class space    used 7246K, committed 7424K, reserved 1048576K
GC Heap History (20 events):
Event: 316865.445 GC heap before
{Heap before GC invocations=19380 (full 18949):
 garbage-first heap   total 121856K, used 41651K [0x00000000a2600000, 0x0000000100000000)
  region size 1024K, 1 young (1024K), 0 survivors (0K)
 Metaspace       used 54164K, committed 54592K, reserved 1097728K
  class space    used 7246K, committed 7424K, reserved 1048576K
}
Event: 316865.499 GC heap after
{Heap after GC invocations=19381 (full 18950):
 garbage-first heap   total 121856K, used 41651K [0x00000000a2600000, 0x0000000100000000)
  region size 1024K, 0 young (0K), 0 survivors (0K)
 Metaspace       used 54164K, committed 54592K, reserved 1097728K
  class space    used 7246K, committed 7424K, reserved 1048576K
}
Event: 316875.655 GC heap before
{Heap before GC invocations=19381 (full 18950):
 garbage-first heap   total 121856K, used 41651K [0x00000000a2600000, 0x0000000100000000)
  region size 1024K, 1 young (1024K), 0 survivors (0K)
 Metaspace       used 54164K, committed 54592K, reserved 1097728K
  class space    used 7246K, committed 7424K, reserved 1048576K
}
Event: 316875.704 GC heap after
{Heap after GC invocations=19382 (full 18951):
 garbage-first heap   total 121856K, used 41651K [0x00000000a2600000, 0x0000000100000000)
  region size 1024K, 0 young (0K), 0 survivors (0K)
 Metaspace       used 54164K, committed 54592K, reserved 1097728K
  class space    used 7246K, committed 7424K, reserved 1048576K
}
Event: 316885.891 GC heap before
{Heap before GC invocations=19382 (full 18951):
 garbage-first heap   total 121856K, used 41651K [0x00000000a2600000, 0x0000000100000000)
  region size 1024K, 1 young (1024K), 0 survivors (0K)
 Metaspace       used 54164K, committed 54592K, reserved 1097728K
  class space    used 7246K, committed 7424K, reserved 1048576K
}
Event: 316885.940 GC heap after
{Heap after GC invocations=19383 (full 18952):
 garbage-first heap   total 121856K, used 41651K [0x00000000a2600000, 0x0000000100000000)
  region size 1024K, 0 young (0K), 0 survivors (0K)
 Metaspace       used 54164K, committed 54592K, reserved 1097728K
  class space    used 7246K, committed 7424K, reserved 1048576K
}
Event: 316896.149 GC heap before
{Heap before GC invocations=19383 (full 18952):
 garbage-first heap   total 121856K, used 41651K [0x00000000a2600000, 0x0000000100000000)
  region size 1024K, 1 young (1024K), 0 survivors (0K)
 Metaspace       used 54164K, committed 54592K, reserved 1097728K
  class space    used 7246K, committed 7424K, reserved 1048576K
}
Event: 316896.206 GC heap after
{Heap after GC invocations=19384 (full 18953):
 garbage-first heap   total 121856K, used 41651K [0x00000000a2600000, 0x0000000100000000)
  region size 1024K, 0 young (0K), 0 survivors (0K)
 Metaspace       used 54164K, committed 54592K, reserved 1097728K
  class space    used 7246K, committed 7424K, reserved 1048576K
}
Event: 316906.436 GC heap before
{Heap before GC invocations=19384 (full 18953):
 garbage-first heap   total 121856K, used 41651K [0x00000000a2600000, 0x0000000100000000)
  region size 1024K, 1 young (1024K), 0 survivors (0K)
 Metaspace       used 54164K, committed 54592K, reserved 1097728K
  class space    used 7246K, committed 7424K, reserved 1048576K
}
Event: 316906.490 GC heap after
{Heap after GC invocations=19385 (full 18954):
 garbage-first heap   total 121856K, used 41651K [0x00000000a2600000, 0x0000000100000000)
  region size 1024K, 0 young (0K), 0 survivors (0K)
 Metaspace       used 54164K, committed 54592K, reserved 1097728K
  class space    used 7246K, committed 7424K, reserved 1048576K
}
Event: 316916.710 GC heap before
{Heap before GC invocations=19385 (full 18954):
 garbage-first heap   total 121856K, used 41651K [0x00000000a2600000, 0x0000000100000000)
  region size 1024K, 1 young (1024K), 0 survivors (0K)
 Metaspace       used 54164K, committed 54592K, reserved 1097728K
  class space    used 7246K, committed 7424K, reserved 1048576K
}
Event: 316916.769 GC heap after
{Heap after GC invocations=19386 (full 18955):
 garbage-first heap   total 121856K, used 41651K [0x00000000a2600000, 0x0000000100000000)
  region size 1024K, 0 young (0K), 0 survivors (0K)
 Metaspace       used 54164K, committed 54592K, reserved 1097728K
  class space    used 7246K, committed 7424K, reserved 1048576K
}
Event: 316926.991 GC heap before
{Heap before GC invocations=19386 (full 18955):
 garbage-first heap   total 121856K, used 41651K [0x00000000a2600000, 0x0000000100000000)
  region size 1024K, 1 young (1024K), 0 survivors (0K)
 Metaspace       used 54164K, committed 54592K, reserved 1097728K
  class space    used 7246K, committed 7424K, reserved 1048576K
}
Event: 316927.075 GC heap after
{Heap after GC invocations=19387 (full 18956):
 garbage-first heap   total 121856K, used 41651K [0x00000000a2600000, 0x0000000100000000)
  region size 1024K, 0 young (0K), 0 survivors (0K)
 Metaspace       used 54164K, committed 54592K, reserved 1097728K
  class space    used 7246K, committed 7424K, reserved 1048576K
}
Event: 316937.277 GC heap before
{Heap before GC invocations=19387 (full 18956):
 garbage-first heap   total 121856K, used 41651K [0x00000000a2600000, 0x0000000100000000)
  region size 1024K, 1 young (1024K), 0 survivors (0K)
 Metaspace       used 54164K, committed 54592K, reserved 1097728K
  class space    used 7246K, committed 7424K, reserved 1048576K
}
Event: 316937.326 GC heap after
{Heap after GC invocations=19388 (full 18957):
 garbage-first heap   total 121856K, used 41651K [0x00000000a2600000, 0x0000000100000000)
  region size 1024K, 0 young (0K), 0 survivors (0K)
 Metaspace       used 54164K, committed 54592K, reserved 1097728K
  class space    used 7246K, committed 7424K, reserved 1048576K
}
Event: 316947.523 GC heap before
{Heap before GC invocations=19388 (full 18957):
 garbage-first heap   total 121856K, used 41651K [0x00000000a2600000, 0x0000000100000000)
  region size 1024K, 1 young (1024K), 0 survivors (0K)
 Metaspace       used 54164K, committed 54592K, reserved 1097728K
  class space    used 7246K, committed 7424K, reserved 1048576K
}
Event: 316947.575 GC heap after
{Heap after GC invocations=19389 (full 18958):
 garbage-first heap   total 121856K, used 41651K [0x00000000a2600000, 0x0000000100000000)
  region size 1024K, 0 young (0K), 0 survivors (0K)
 Metaspace       used 54164K, committed 54592K, reserved 1097728K
  class space    used 7246K, committed 7424K, reserved 1048576K
}
Event: 316957.753 GC heap before
{Heap before GC invocations=19389 (full 18958):
 garbage-first heap   total 121856K, used 41651K [0x00000000a2600000, 0x0000000100000000)
  region size 1024K, 1 young (1024K), 0 survivors (0K)
 Metaspace       used 54164K, committed 54592K, reserved 1097728K
  class space    used 7246K, committed 7424K, reserved 1048576K
}
Event: 316957.801 GC heap after
{Heap after GC invocations=19390 (full 18959):
 garbage-first heap   total 121856K, used 41651K [0x00000000a2600000, 0x0000000100000000)
  region size 1024K, 0 young (0K), 0 survivors (0K)
 Metaspace       used 54164K, committed 54592K, reserved 1097728K
  class space    used 7246K, committed 7424K, reserved 1048576K
}

