# JRE version: OpenJDK Runtime Environment Temurin-17.0.4+8 (17.0.4+8) (build 17.0.4+8)
# Java VM: OpenJDK 64-Bit Server VM Temurin-17.0.4+8 (17.0.4+8, mixed mode, emulated-client, tiered, compressed oops, compressed class ptrs, g1 gc, windows-amd64)
GC Precious Log:
 CPUs: 12 total, 12 available
 Memory: 5989M
 Large Page Support: Disabled
 NUMA Support: Disabled
 Compressed Oops: Enabled (32-bit)
 Heap Region Size: 1M
 Heap Min Capacity: 8M
 Heap Initial Capacity: 94M
 Heap Max Capacity: 1498M
 Pre-touch: Disabled
 Parallel Workers: 10
 Concurrent Workers: 3
 Concurrent Refinement Workers: 10
 Periodic GC: Disabled
Heap:
 garbage-first heap   total 561152K, used 132660K [0x00000000a2600000, 0x0000000100000000)
  region size 1024K, 32 young (32768K), 32 survivors (32768K)
 Metaspace       used 35070K, committed 35456K, reserved 1081344K
  class space    used 4561K, committed 4736K, reserved 1048576K
GC Heap History (20 events):
Event: 11.567 GC heap after
{Heap after GC invocations=14 (full 0):
 garbage-first heap   total 100352K, used 43721K [0x00000000a2600000, 0x0000000100000000)
  region size 1024K, 5 young (5120K), 5 survivors (5120K)
 Metaspace       used 32771K, committed 33024K, reserved 1081344K
  class space    used 4165K, committed 4288K, reserved 1048576K
}
Event: 11.796 GC heap before
{Heap before GC invocations=14 (full 0):
 garbage-first heap   total 100352K, used 72393K [0x00000000a2600000, 0x0000000100000000)
  region size 1024K, 32 young (32768K), 5 survivors (5120K)
 Metaspace       used 33671K, committed 33984K, reserved 1081344K
  class space    used 4297K, committed 4416K, reserved 1048576K
}
Event: 11.805 GC heap after
{Heap after GC invocations=15 (full 0):
 garbage-first heap   total 100352K, used 53767K [0x00000000a2600000, 0x0000000100000000)
  region size 1024K, 4 young (4096K), 4 survivors (4096K)
 Metaspace       used 33671K, committed 33984K, reserved 1081344K
  class space    used 4297K, committed 4416K, reserved 1048576K
}
Event: 11.820 GC heap before
{Heap before GC invocations=15 (full 0):
 garbage-first heap   total 100352K, used 58887K [0x00000000a2600000, 0x0000000100000000)
  region size 1024K, 10 young (10240K), 4 survivors (4096K)
 Metaspace       used 33771K, committed 34048K, reserved 1081344K
  class space    used 4315K, committed 4416K, reserved 1048576K
}
Event: 11.826 GC heap after
{Heap after GC invocations=16 (full 0):
 garbage-first heap   total 200704K, used 57861K [0x00000000a2600000, 0x0000000100000000)
  region size 1024K, 3 young (3072K), 3 survivors (3072K)
 Metaspace       used 33771K, committed 34048K, reserved 1081344K
  class space    used 4315K, committed 4416K, reserved 1048576K
}
Event: 11.891 GC heap before
{Heap before GC invocations=16 (full 0):
 garbage-first heap   total 200704K, used 123397K [0x00000000a2600000, 0x0000000100000000)
  region size 1024K, 67 young (68608K), 3 survivors (3072K)
 Metaspace       used 34404K, committed 34752K, reserved 1081344K
  class space    used 4423K, committed 4608K, reserved 1048576K
}
Event: 11.907 GC heap after
{Heap after GC invocations=17 (full 0):
 garbage-first heap   total 200704K, used 65900K [0x00000000a2600000, 0x0000000100000000)
  region size 1024K, 9 young (9216K), 9 survivors (9216K)
 Metaspace       used 34404K, committed 34752K, reserved 1081344K
  class space    used 4423K, committed 4608K, reserved 1048576K
}
Event: 11.925 GC heap before
{Heap before GC invocations=17 (full 0):
 garbage-first heap   total 200704K, used 129388K [0x00000000a2600000, 0x0000000100000000)
  region size 1024K, 72 young (73728K), 9 survivors (9216K)
 Metaspace       used 34530K, committed 34880K, reserved 1081344K
  class space    used 4440K, committed 4608K, reserved 1048576K
}
Event: 11.938 GC heap after
{Heap after GC invocations=18 (full 0):
 garbage-first heap   total 200704K, used 69177K [0x00000000a2600000, 0x0000000100000000)
  region size 1024K, 4 young (4096K), 4 survivors (4096K)
 Metaspace       used 34530K, committed 34880K, reserved 1081344K
  class space    used 4440K, committed 4608K, reserved 1048576K
}
Event: 11.955 GC heap before
{Heap before GC invocations=18 (full 0):
 garbage-first heap   total 200704K, used 135737K [0x00000000a2600000, 0x0000000100000000)
  region size 1024K, 70 young (71680K), 4 survivors (4096K)
 Metaspace       used 34564K, committed 34880K, reserved 1081344K
  class space    used 4449K, committed 4608K, reserved 1048576K
}
Event: 11.959 GC heap after
{Heap after GC invocations=19 (full 0):
 garbage-first heap   total 200704K, used 71248K [0x00000000a2600000, 0x0000000100000000)
  region size 1024K, 6 young (6144K), 6 survivors (6144K)
 Metaspace       used 34564K, committed 34880K, reserved 1081344K
  class space    used 4449K, committed 4608K, reserved 1048576K
}
Event: 11.981 GC heap before
{Heap before GC invocations=19 (full 0):
 garbage-first heap   total 200704K, used 144976K [0x00000000a2600000, 0x0000000100000000)
  region size 1024K, 79 young (80896K), 6 survivors (6144K)
 Metaspace       used 34612K, committed 34944K, reserved 1081344K
  class space    used 4462K, committed 4608K, reserved 1048576K
}
Event: 11.990 GC heap after
{Heap after GC invocations=20 (full 0):
 garbage-first heap   total 561152K, used 74714K [0x00000000a2600000, 0x0000000100000000)
  region size 1024K, 9 young (9216K), 9 survivors (9216K)
 Metaspace       used 34612K, committed 34944K, reserved 1081344K
  class space    used 4462K, committed 4608K, reserved 1048576K
}
Event: 12.701 GC heap before
{Heap before GC invocations=20 (full 0):
 garbage-first heap   total 561152K, used 400346K [0x00000000a2600000, 0x0000000100000000)
  region size 1024K, 328 young (335872K), 9 survivors (9216K)
 Metaspace       used 34677K, committed 35008K, reserved 1081344K
  class space    used 4482K, committed 4672K, reserved 1048576K
}
Event: 12.793 GC heap after
{Heap after GC invocations=21 (full 0):
 garbage-first heap   total 561152K, used 87173K [0x00000000a2600000, 0x0000000100000000)
  region size 1024K, 21 young (21504K), 21 survivors (21504K)
 Metaspace       used 34677K, committed 35008K, reserved 1081344K
  class space    used 4482K, committed 4672K, reserved 1048576K
}
Event: 13.109 GC heap before
{Heap before GC invocations=21 (full 0):
 garbage-first heap   total 561152K, used 400517K [0x00000000a2600000, 0x0000000100000000)
  region size 1024K, 328 young (335872K), 21 survivors (21504K)
 Metaspace       used 34731K, committed 35072K, reserved 1081344K
  class space    used 4496K, committed 4672K, reserved 1048576K
}
Event: 13.224 GC heap after
{Heap after GC invocations=22 (full 0):
 garbage-first heap   total 561152K, used 100828K [0x00000000a2600000, 0x0000000100000000)
  region size 1024K, 35 young (35840K), 35 survivors (35840K)
 Metaspace       used 34731K, committed 35072K, reserved 1081344K
  class space    used 4496K, committed 4672K, reserved 1048576K
}
Event: 13.635 GC heap before
{Heap before GC invocations=22 (full 0):
 garbage-first heap   total 561152K, used 399836K [0x00000000a2600000, 0x0000000100000000)
  region size 1024K, 328 young (335872K), 35 survivors (35840K)
 Metaspace       used 34755K, committed 35072K, reserved 1081344K
  class space    used 4503K, committed 4672K, reserved 1048576K
}
Event: 13.990 GC heap after
{Heap after GC invocations=23 (full 0):
 garbage-first heap   total 561152K, used 112410K [0x00000000a2600000, 0x0000000100000000)
  region size 1024K, 26 young (26624K), 26 survivors (26624K)
 Metaspace       used 34755K, committed 35072K, reserved 1081344K
  class space    used 4503K, committed 4672K, reserved 1048576K
}
Event: 14.330 GC heap before
{Heap before GC invocations=23 (full 0):
 garbage-first heap   total 561152K, used 420634K [0x00000000a2600000, 0x0000000100000000)
  region size 1024K, 328 young (335872K), 26 survivors (26624K)
 Metaspace       used 35070K, committed 35456K, reserved 1081344K
  class space    used 4561K, committed 4736K, reserved 1048576K
}

