# JRE version: OpenJDK Runtime Environment Temurin-17.0.4+8 (17.0.4+8) (build 17.0.4+8)
# Java VM: OpenJDK 64-Bit Server VM Temurin-17.0.4+8 (17.0.4+8, mixed mode, emulated-client, tiered, compressed oops, compressed class ptrs, g1 gc, windows-amd64)
GC Precious Log:
 CPUs: 12 total, 12 available
 Memory: 5989M
 Large Page Support: Disabled
 NUMA Support: Disabled
 Compressed Oops: Enabled (32-bit)
 Heap Region Size: 1M
 Heap Min Capacity: 8M
 Heap Initial Capacity: 94M
 Heap Max Capacity: 1498M
 Pre-touch: Disabled
 Parallel Workers: 10
 Concurrent Workers: 3
 Concurrent Refinement Workers: 10
 Periodic GC: Disabled
Heap:
 garbage-first heap   total 484352K, used 121293K [0x00000000a2600000, 0x0000000100000000)
  region size 1024K, 24 young (24576K), 24 survivors (24576K)
 Metaspace       used 35297K, committed 35584K, reserved 1081344K
  class space    used 4591K, committed 4736K, reserved 1048576K
GC Heap History (20 events):
Event: 2.580 GC heap after
{Heap after GC invocations=13 (full 0):
 garbage-first heap   total 95232K, used 44945K [0x00000000a2600000, 0x0000000100000000)
  region size 1024K, 4 young (4096K), 4 survivors (4096K)
 Metaspace       used 33508K, committed 33792K, reserved 1081344K
  class space    used 4261K, committed 4416K, reserved 1048576K
}
Event: 2.715 GC heap before
{Heap before GC invocations=13 (full 0):
 garbage-first heap   total 95232K, used 70545K [0x00000000a2600000, 0x0000000100000000)
  region size 1024K, 29 young (29696K), 4 survivors (4096K)
 Metaspace       used 34499K, committed 34816K, reserved 1081344K
  class space    used 4448K, committed 4608K, reserved 1048576K
}
Event: 2.722 GC heap after
{Heap after GC invocations=14 (full 0):
 garbage-first heap   total 95232K, used 54156K [0x00000000a2600000, 0x0000000100000000)
  region size 1024K, 4 young (4096K), 4 survivors (4096K)
 Metaspace       used 34499K, committed 34816K, reserved 1081344K
  class space    used 4448K, committed 4608K, reserved 1048576K
}
Event: 2.741 GC heap before
{Heap before GC invocations=14 (full 0):
 garbage-first heap   total 95232K, used 60300K [0x00000000a2600000, 0x0000000100000000)
  region size 1024K, 12 young (12288K), 4 survivors (4096K)
 Metaspace       used 34623K, committed 34944K, reserved 1081344K
  class space    used 4484K, committed 4608K, reserved 1048576K
}
Event: 2.747 GC heap after
{Heap after GC invocations=15 (full 0):
 garbage-first heap   total 189440K, used 58648K [0x00000000a2600000, 0x0000000100000000)
  region size 1024K, 3 young (3072K), 3 survivors (3072K)
 Metaspace       used 34623K, committed 34944K, reserved 1081344K
  class space    used 4484K, committed 4608K, reserved 1048576K
}
Event: 2.799 GC heap before
{Heap before GC invocations=15 (full 0):
 garbage-first heap   total 189440K, used 121112K [0x00000000a2600000, 0x0000000100000000)
  region size 1024K, 64 young (65536K), 3 survivors (3072K)
 Metaspace       used 34996K, committed 35264K, reserved 1081344K
  class space    used 4542K, committed 4672K, reserved 1048576K
}
Event: 2.814 GC heap after
{Heap after GC invocations=16 (full 0):
 garbage-first heap   total 189440K, used 66409K [0x00000000a2600000, 0x0000000100000000)
  region size 1024K, 8 young (8192K), 8 survivors (8192K)
 Metaspace       used 34996K, committed 35264K, reserved 1081344K
  class space    used 4542K, committed 4672K, reserved 1048576K
}
Event: 2.829 GC heap before
{Heap before GC invocations=16 (full 0):
 garbage-first heap   total 189440K, used 126825K [0x00000000a2600000, 0x0000000100000000)
  region size 1024K, 68 young (69632K), 8 survivors (8192K)
 Metaspace       used 35011K, committed 35328K, reserved 1081344K
  class space    used 4543K, committed 4672K, reserved 1048576K
}
Event: 2.836 GC heap after
{Heap after GC invocations=17 (full 0):
 garbage-first heap   total 189440K, used 69586K [0x00000000a2600000, 0x0000000100000000)
  region size 1024K, 4 young (4096K), 4 survivors (4096K)
 Metaspace       used 35011K, committed 35328K, reserved 1081344K
  class space    used 4543K, committed 4672K, reserved 1048576K
}
Event: 2.855 GC heap before
{Heap before GC invocations=17 (full 0):
 garbage-first heap   total 189440K, used 132050K [0x00000000a2600000, 0x0000000100000000)
  region size 1024K, 66 young (67584K), 4 survivors (4096K)
 Metaspace       used 35055K, committed 35328K, reserved 1081344K
  class space    used 4552K, committed 4672K, reserved 1048576K
}
Event: 2.858 GC heap after
{Heap after GC invocations=18 (full 0):
 garbage-first heap   total 189440K, used 71643K [0x00000000a2600000, 0x0000000100000000)
  region size 1024K, 6 young (6144K), 6 survivors (6144K)
 Metaspace       used 35055K, committed 35328K, reserved 1081344K
  class space    used 4552K, committed 4672K, reserved 1048576K
}
Event: 2.873 GC heap before
{Heap before GC invocations=18 (full 0):
 garbage-first heap   total 189440K, used 140251K [0x00000000a2600000, 0x0000000100000000)
  region size 1024K, 74 young (75776K), 6 survivors (6144K)
 Metaspace       used 35111K, committed 35392K, reserved 1081344K
  class space    used 4558K, committed 4672K, reserved 1048576K
}
Event: 2.880 GC heap after
{Heap after GC invocations=19 (full 0):
 garbage-first heap   total 484352K, used 75201K [0x00000000a2600000, 0x0000000100000000)
  region size 1024K, 9 young (9216K), 9 survivors (9216K)
 Metaspace       used 35111K, committed 35392K, reserved 1081344K
  class space    used 4558K, committed 4672K, reserved 1048576K
}
Event: 3.942 GC heap before
{Heap before GC invocations=19 (full 0):
 garbage-first heap   total 484352K, used 354753K [0x00000000a2600000, 0x0000000100000000)
  region size 1024K, 283 young (289792K), 9 survivors (9216K)
 Metaspace       used 35233K, committed 35520K, reserved 1081344K
  class space    used 4582K, committed 4736K, reserved 1048576K
}
Event: 4.023 GC heap after
{Heap after GC invocations=20 (full 0):
 garbage-first heap   total 484352K, used 85752K [0x00000000a2600000, 0x0000000100000000)
  region size 1024K, 19 young (19456K), 19 survivors (19456K)
 Metaspace       used 35233K, committed 35520K, reserved 1081344K
  class space    used 4582K, committed 4736K, reserved 1048576K
}
Event: 4.362 GC heap before
{Heap before GC invocations=20 (full 0):
 garbage-first heap   total 484352K, used 355064K [0x00000000a2600000, 0x0000000100000000)
  region size 1024K, 283 young (289792K), 19 survivors (19456K)
 Metaspace       used 35288K, committed 35584K, reserved 1081344K
  class space    used 4590K, committed 4736K, reserved 1048576K
}
Event: 4.455 GC heap after
{Heap after GC invocations=21 (full 0):
 garbage-first heap   total 484352K, used 97103K [0x00000000a2600000, 0x0000000100000000)
  region size 1024K, 30 young (30720K), 30 survivors (30720K)
 Metaspace       used 35288K, committed 35584K, reserved 1081344K
  class space    used 4590K, committed 4736K, reserved 1048576K
}
Event: 4.685 GC heap before
{Heap before GC invocations=21 (full 0):
 garbage-first heap   total 484352K, used 355151K [0x00000000a2600000, 0x0000000100000000)
  region size 1024K, 283 young (289792K), 30 survivors (30720K)
 Metaspace       used 35297K, committed 35584K, reserved 1081344K
  class space    used 4591K, committed 4736K, reserved 1048576K
}
Event: 4.866 GC heap after
{Heap after GC invocations=22 (full 0):
 garbage-first heap   total 484352K, used 107596K [0x00000000a2600000, 0x0000000100000000)
  region size 1024K, 23 young (23552K), 23 survivors (23552K)
 Metaspace       used 35297K, committed 35584K, reserved 1081344K
  class space    used 4591K, committed 4736K, reserved 1048576K
}
Event: 4.967 GC heap before
{Heap before GC invocations=22 (full 0):
 garbage-first heap   total 484352K, used 372812K [0x00000000a2600000, 0x0000000100000000)
  region size 1024K, 283 young (289792K), 23 survivors (23552K)
 Metaspace       used 35297K, committed 35584K, reserved 1081344K
  class space    used 4591K, committed 4736K, reserved 1048576K
}

